мар 06, 2021 3:20:17 PM Configer readConfig
INFO: Parsing config file Manager/configs/stranger_executors_config_biec.txt
мар 06, 2021 3:20:17 PM Configer parseConfig
INFO: Filling config container with line READER_CFG=Manager/configs/step_1/step_2/reader_config.txt
мар 06, 2021 3:20:17 PM Configer parseConfig
INFO: Filling config container with line READER_NAME=Reader
мар 06, 2021 3:20:17 PM Configer parseConfig
INFO: Filling config container with line EXECUTORS_FILE=Manager/configs/step_1/executors_list_stranger_biec.txt
мар 06, 2021 3:20:17 PM Configer parseConfig
INFO: Filling config container with line WRITER_CFG=Manager/configs/step_1/step_2/writer_config.txt
мар 06, 2021 3:20:17 PM Configer parseConfig
INFO: Filling config container with line WRITER_NAME=Writer
мар 06, 2021 3:20:17 PM Configer parseConfig
INFO: Filling config container with line INPUT_FILE=Manager/inputs_and_outputs/input1.txt
мар 06, 2021 3:20:17 PM Configer parseConfig
INFO: Filling config container with line OUTPUT_FILE=Manager/inputs_and_outputs/total_result.txt
мар 06, 2021 3:20:17 PM Configer readConfig
INFO: Parsing config file Manager/configs/step_1/executors_list_stranger_biec.txt
мар 06, 2021 3:20:17 PM Configer parseConfigWithoutGrammar
INFO: RLECompression=Manager/configs/step_1/step_2/executor_compress.txt
мар 06, 2021 3:20:17 PM Configer parseConfigWithoutGrammar
INFO: Filling config container with line RLECompression=Manager/configs/step_1/step_2/executor_compress.txt
мар 06, 2021 3:20:17 PM Configer parseConfigWithoutGrammar
INFO: ru.spbstu.timofeev.workers.Substitutor=Manager/libs/Timofeev/configs/executor_config.txt
мар 06, 2021 3:20:17 PM Configer parseConfigWithoutGrammar
INFO: Filling config container with line ru.spbstu.timofeev.workers.Substitutor=Manager/libs/Timofeev/configs/executor_config.txt
мар 06, 2021 3:20:17 PM Configer parseConfigWithoutGrammar
INFO: ru.spbstu.timofeev.workers.Substitutor=Manager/libs/Timofeev/configs/executor_config.txt
мар 06, 2021 3:20:17 PM Configer parseConfigWithoutGrammar
INFO: Filling config container with line ru.spbstu.timofeev.workers.Substitutor=Manager/libs/Timofeev/configs/executor_config.txt
мар 06, 2021 3:20:17 PM Configer parseConfigWithoutGrammar
INFO: RLECompression=Manager/configs/step_1/step_2/executor_decompress.txt
мар 06, 2021 3:20:17 PM Configer parseConfigWithoutGrammar
INFO: Filling config container with line RLECompression=Manager/configs/step_1/step_2/executor_decompress.txt
мар 06, 2021 3:20:17 PM Manager CreateExecutable
INFO: Creating executor with name Reader
мар 06, 2021 3:20:17 PM Configer readConfig
INFO: Parsing config file Manager/configs/step_1/step_2/reader_config.txt
мар 06, 2021 3:20:17 PM Configer parseConfig
INFO: Filling config container with line BUFFER_SIZE=256
мар 06, 2021 3:20:17 PM Manager CreateExecutable
INFO: Success 
мар 06, 2021 3:20:17 PM Manager setReader
INFO: Opening input stream
мар 06, 2021 3:20:17 PM Manager CreateExecutable
INFO: Creating executor with name Writer
мар 06, 2021 3:20:17 PM Configer readConfig
INFO: Parsing config file Manager/configs/step_1/step_2/writer_config.txt
мар 06, 2021 3:20:17 PM Configer parseConfig
INFO: Filling config container with line BUFFER_SIZE=256
мар 06, 2021 3:20:17 PM Manager CreateExecutable
INFO: Success 
мар 06, 2021 3:20:17 PM Manager setWriter
INFO: Opening output stream
мар 06, 2021 3:20:17 PM Manager CreateExecutable
INFO: Creating executor with name RLECompression
мар 06, 2021 3:20:17 PM Configer readConfig
INFO: Parsing config file Manager/configs/step_1/step_2/executor_compress.txt
мар 06, 2021 3:20:17 PM Configer parseConfig
INFO: Filling config container with line MODE=COMPRESS
мар 06, 2021 3:20:17 PM Manager CreateExecutable
INFO: Success 
мар 06, 2021 3:20:17 PM Manager CreateExecutable
INFO: Creating executor with name ru.spbstu.timofeev.workers.Substitutor
мар 06, 2021 3:20:17 PM Manager CreateExecutable
INFO: Success 
мар 06, 2021 3:20:17 PM Manager CreateExecutable
INFO: Creating executor with name ru.spbstu.timofeev.workers.Substitutor
мар 06, 2021 3:20:17 PM Manager CreateExecutable
INFO: Success 
мар 06, 2021 3:20:17 PM Manager CreateExecutable
INFO: Creating executor with name RLECompression
мар 06, 2021 3:20:17 PM Configer readConfig
INFO: Parsing config file Manager/configs/step_1/step_2/executor_decompress.txt
мар 06, 2021 3:20:17 PM Configer parseConfig
INFO: Filling config container with line MODE=DECOMPRESS
мар 06, 2021 3:20:17 PM Manager CreateExecutable
INFO: Success 
мар 06, 2021 3:20:17 PM Manager CreatePipeline
SEVERE: Determinate the oder for executor: RLECompression@5010be6
мар 06, 2021 3:20:17 PM Manager CreatePipeline
SEVERE: Determinate the oder for executor: ru.spbstu.timofeev.workers.Substitutor@31221be2
мар 06, 2021 3:20:17 PM Manager CreatePipeline
SEVERE: Determinate the oder for executor: ru.spbstu.timofeev.workers.Substitutor@5910e440
мар 06, 2021 3:20:17 PM Manager Run
INFO: Running pipeline
мар 06, 2021 3:20:17 PM RLECompression execute
INFO: Execute RLE
мар 06, 2021 3:20:17 PM RLECompression Compressor
INFO: RLE Mode: COMPRESS
мар 06, 2021 3:20:17 PM RLECompression execute
INFO: Execute RLE
мар 06, 2021 3:20:17 PM RLECompression Compressor
INFO: RLE Mode: DECOMPRESS
мар 06, 2021 3:20:17 PM Writer execute
INFO: Execute writer
мар 06, 2021 3:20:17 PM RLECompression execute
INFO: Execute RLE
мар 06, 2021 3:20:17 PM RLECompression Compressor
INFO: RLE Mode: COMPRESS
мар 06, 2021 3:20:17 PM RLECompression execute
INFO: Execute RLE
мар 06, 2021 3:20:17 PM RLECompression Compressor
INFO: RLE Mode: DECOMPRESS
мар 06, 2021 3:20:17 PM Writer execute
INFO: Execute writer
мар 06, 2021 3:20:17 PM RLECompression execute
INFO: Execute RLE
мар 06, 2021 3:20:17 PM RLECompression Compressor
INFO: RLE Mode: COMPRESS
мар 06, 2021 3:20:17 PM RLECompression execute
INFO: Execute RLE
мар 06, 2021 3:20:17 PM RLECompression Compressor
INFO: RLE Mode: DECOMPRESS
мар 06, 2021 3:20:17 PM Writer execute
INFO: Execute writer
мар 06, 2021 3:20:17 PM RLECompression execute
INFO: Execute RLE
мар 06, 2021 3:20:17 PM RLECompression Compressor
INFO: RLE Mode: COMPRESS
мар 06, 2021 3:20:17 PM RLECompression execute
INFO: Execute RLE
мар 06, 2021 3:20:17 PM RLECompression Compressor
INFO: RLE Mode: DECOMPRESS
мар 06, 2021 3:20:17 PM Writer execute
INFO: Execute writer
мар 06, 2021 3:20:17 PM RLECompression execute
INFO: Execute RLE
мар 06, 2021 3:20:17 PM RLECompression Compressor
INFO: RLE Mode: COMPRESS
мар 06, 2021 3:20:17 PM RLECompression execute
INFO: Execute RLE
мар 06, 2021 3:20:17 PM RLECompression Compressor
INFO: RLE Mode: DECOMPRESS
мар 06, 2021 3:20:17 PM Writer execute
INFO: Execute writer
мар 06, 2021 3:20:17 PM RLECompression execute
INFO: Execute RLE
мар 06, 2021 3:20:17 PM RLECompression Compressor
INFO: RLE Mode: COMPRESS
мар 06, 2021 3:20:17 PM RLECompression execute
INFO: Execute RLE
мар 06, 2021 3:20:17 PM RLECompression Compressor
INFO: RLE Mode: DECOMPRESS
мар 06, 2021 3:20:17 PM Writer execute
INFO: Execute writer
мар 06, 2021 3:20:17 PM RLECompression execute
INFO: Execute RLE
мар 06, 2021 3:20:17 PM RLECompression Compressor
INFO: RLE Mode: COMPRESS
мар 06, 2021 3:20:17 PM RLECompression execute
INFO: Execute RLE
мар 06, 2021 3:20:17 PM RLECompression Compressor
INFO: RLE Mode: DECOMPRESS
мар 06, 2021 3:20:17 PM Writer execute
INFO: Execute writer
мар 06, 2021 3:20:17 PM RLECompression execute
INFO: Execute RLE
мар 06, 2021 3:20:17 PM RLECompression Compressor
INFO: RLE Mode: COMPRESS
мар 06, 2021 3:20:17 PM RLECompression execute
INFO: Execute RLE
мар 06, 2021 3:20:17 PM RLECompression Compressor
INFO: RLE Mode: DECOMPRESS
мар 06, 2021 3:20:17 PM Writer execute
INFO: Execute writer
мар 06, 2021 3:20:17 PM RLECompression execute
INFO: Execute RLE
мар 06, 2021 3:20:17 PM RLECompression Compressor
INFO: RLE Mode: COMPRESS
мар 06, 2021 3:20:17 PM RLECompression execute
INFO: Execute RLE
мар 06, 2021 3:20:17 PM RLECompression Compressor
INFO: RLE Mode: DECOMPRESS
мар 06, 2021 3:20:17 PM Writer execute
INFO: Execute writer
мар 06, 2021 3:20:17 PM RLECompression execute
INFO: Execute RLE
мар 06, 2021 3:20:17 PM RLECompression Compressor
INFO: RLE Mode: COMPRESS
мар 06, 2021 3:20:17 PM RLECompression execute
INFO: Execute RLE
мар 06, 2021 3:20:17 PM RLECompression Compressor
INFO: RLE Mode: DECOMPRESS
мар 06, 2021 3:20:17 PM Writer execute
INFO: Execute writer
мар 06, 2021 3:20:17 PM RLECompression execute
INFO: Execute RLE
мар 06, 2021 3:20:17 PM RLECompression Compressor
INFO: RLE Mode: COMPRESS
мар 06, 2021 3:20:17 PM RLECompression execute
INFO: Execute RLE
мар 06, 2021 3:20:17 PM RLECompression Compressor
INFO: RLE Mode: DECOMPRESS
мар 06, 2021 3:20:17 PM Writer execute
INFO: Execute writer
мар 06, 2021 3:20:17 PM RLECompression execute
INFO: Execute RLE
мар 06, 2021 3:20:17 PM RLECompression Compressor
INFO: RLE Mode: COMPRESS
мар 06, 2021 3:20:17 PM RLECompression execute
INFO: Execute RLE
мар 06, 2021 3:20:17 PM RLECompression Compressor
INFO: RLE Mode: DECOMPRESS
мар 06, 2021 3:20:17 PM Writer execute
INFO: Execute writer
мар 06, 2021 3:20:17 PM RLECompression execute
INFO: Execute RLE
мар 06, 2021 3:20:17 PM RLECompression Compressor
INFO: RLE Mode: COMPRESS
мар 06, 2021 3:20:17 PM RLECompression execute
INFO: Execute RLE
мар 06, 2021 3:20:17 PM RLECompression Compressor
INFO: RLE Mode: DECOMPRESS
мар 06, 2021 3:20:17 PM Writer execute
INFO: Execute writer
мар 06, 2021 3:20:17 PM RLECompression execute
INFO: Execute RLE
мар 06, 2021 3:20:17 PM RLECompression Compressor
INFO: RLE Mode: COMPRESS
мар 06, 2021 3:20:17 PM RLECompression execute
INFO: Execute RLE
мар 06, 2021 3:20:17 PM RLECompression Compressor
INFO: RLE Mode: DECOMPRESS
мар 06, 2021 3:20:17 PM Writer execute
INFO: Execute writer
мар 06, 2021 3:20:17 PM RLECompression execute
INFO: Execute RLE
мар 06, 2021 3:20:17 PM RLECompression Compressor
INFO: RLE Mode: COMPRESS
мар 06, 2021 3:20:17 PM RLECompression execute
INFO: Execute RLE
мар 06, 2021 3:20:17 PM RLECompression Compressor
INFO: RLE Mode: DECOMPRESS
мар 06, 2021 3:20:17 PM Writer execute
INFO: Execute writer
мар 06, 2021 3:20:17 PM RLECompression execute
INFO: Execute RLE
мар 06, 2021 3:20:17 PM RLECompression Compressor
INFO: RLE Mode: COMPRESS
мар 06, 2021 3:20:17 PM RLECompression execute
INFO: Execute RLE
мар 06, 2021 3:20:17 PM RLECompression Compressor
INFO: RLE Mode: DECOMPRESS
мар 06, 2021 3:20:17 PM Writer execute
INFO: Execute writer
мар 06, 2021 3:20:17 PM RLECompression execute
INFO: Execute RLE
мар 06, 2021 3:20:17 PM RLECompression Compressor
INFO: RLE Mode: COMPRESS
мар 06, 2021 3:20:17 PM RLECompression execute
INFO: Execute RLE
мар 06, 2021 3:20:17 PM RLECompression Compressor
INFO: RLE Mode: DECOMPRESS
мар 06, 2021 3:20:17 PM Writer execute
INFO: Execute writer
мар 06, 2021 3:20:17 PM RLECompression execute
INFO: Execute RLE
мар 06, 2021 3:20:17 PM RLECompression Compressor
INFO: RLE Mode: COMPRESS
мар 06, 2021 3:20:17 PM RLECompression execute
INFO: Execute RLE
мар 06, 2021 3:20:17 PM RLECompression Compressor
INFO: RLE Mode: DECOMPRESS
мар 06, 2021 3:20:17 PM Writer execute
INFO: Execute writer
мар 06, 2021 3:20:17 PM RLECompression execute
INFO: Execute RLE
мар 06, 2021 3:20:17 PM RLECompression Compressor
INFO: RLE Mode: COMPRESS
мар 06, 2021 3:20:17 PM RLECompression execute
INFO: Execute RLE
мар 06, 2021 3:20:18 PM RLECompression Compressor
INFO: RLE Mode: DECOMPRESS
мар 06, 2021 3:20:18 PM Writer execute
INFO: Execute writer
мар 06, 2021 3:20:18 PM RLECompression execute
INFO: Execute RLE
мар 06, 2021 3:20:18 PM RLECompression Compressor
INFO: RLE Mode: COMPRESS
мар 06, 2021 3:20:18 PM RLECompression execute
INFO: Execute RLE
мар 06, 2021 3:20:18 PM RLECompression Compressor
INFO: RLE Mode: DECOMPRESS
мар 06, 2021 3:20:18 PM Writer execute
INFO: Execute writer
мар 06, 2021 3:20:18 PM RLECompression execute
INFO: Execute RLE
мар 06, 2021 3:20:18 PM RLECompression Compressor
INFO: RLE Mode: COMPRESS
мар 06, 2021 3:20:18 PM RLECompression execute
INFO: Execute RLE
мар 06, 2021 3:20:18 PM RLECompression Compressor
INFO: RLE Mode: DECOMPRESS
мар 06, 2021 3:20:18 PM Writer execute
INFO: Execute writer
мар 06, 2021 3:20:18 PM RLECompression execute
INFO: Execute RLE
мар 06, 2021 3:20:18 PM RLECompression Compressor
INFO: RLE Mode: COMPRESS
мар 06, 2021 3:20:18 PM RLECompression execute
INFO: Execute RLE
мар 06, 2021 3:20:18 PM RLECompression Compressor
INFO: RLE Mode: DECOMPRESS
мар 06, 2021 3:20:18 PM Writer execute
INFO: Execute writer
мар 06, 2021 3:20:18 PM RLECompression execute
INFO: Execute RLE
мар 06, 2021 3:20:18 PM RLECompression Compressor
INFO: RLE Mode: COMPRESS
мар 06, 2021 3:20:18 PM RLECompression execute
INFO: Execute RLE
мар 06, 2021 3:20:18 PM RLECompression Compressor
INFO: RLE Mode: DECOMPRESS
мар 06, 2021 3:20:18 PM Writer execute
INFO: Execute writer
мар 06, 2021 3:20:18 PM RLECompression execute
INFO: Execute RLE
мар 06, 2021 3:20:18 PM RLECompression Compressor
INFO: RLE Mode: COMPRESS
мар 06, 2021 3:20:18 PM RLECompression execute
INFO: Execute RLE
мар 06, 2021 3:20:18 PM RLECompression Compressor
INFO: RLE Mode: DECOMPRESS
мар 06, 2021 3:20:18 PM Writer execute
INFO: Execute writer
мар 06, 2021 3:20:18 PM RLECompression execute
INFO: Execute RLE
мар 06, 2021 3:20:18 PM RLECompression Compressor
INFO: RLE Mode: COMPRESS
мар 06, 2021 3:20:18 PM RLECompression execute
INFO: Execute RLE
мар 06, 2021 3:20:18 PM RLECompression Compressor
INFO: RLE Mode: DECOMPRESS
мар 06, 2021 3:20:18 PM Writer execute
INFO: Execute writer
мар 06, 2021 3:20:18 PM RLECompression execute
INFO: Execute RLE
мар 06, 2021 3:20:18 PM RLECompression Compressor
INFO: RLE Mode: COMPRESS
мар 06, 2021 3:20:18 PM RLECompression execute
INFO: Execute RLE
мар 06, 2021 3:20:18 PM RLECompression Compressor
INFO: RLE Mode: DECOMPRESS
мар 06, 2021 3:20:18 PM Writer execute
INFO: Execute writer
мар 06, 2021 3:20:18 PM RLECompression execute
INFO: Execute RLE
мар 06, 2021 3:20:18 PM RLECompression Compressor
INFO: RLE Mode: COMPRESS
мар 06, 2021 3:20:18 PM RLECompression execute
INFO: Execute RLE
мар 06, 2021 3:20:18 PM RLECompression Compressor
INFO: RLE Mode: DECOMPRESS
мар 06, 2021 3:20:18 PM Writer execute
INFO: Execute writer
мар 06, 2021 3:20:18 PM RLECompression execute
INFO: Execute RLE
мар 06, 2021 3:20:18 PM RLECompression Compressor
INFO: RLE Mode: COMPRESS
мар 06, 2021 3:20:18 PM RLECompression execute
INFO: Execute RLE
мар 06, 2021 3:20:18 PM RLECompression Compressor
INFO: RLE Mode: DECOMPRESS
мар 06, 2021 3:20:18 PM Writer execute
INFO: Execute writer
мар 06, 2021 3:20:18 PM RLECompression execute
INFO: Execute RLE
мар 06, 2021 3:20:18 PM RLECompression Compressor
INFO: RLE Mode: COMPRESS
мар 06, 2021 3:20:18 PM RLECompression execute
INFO: Execute RLE
мар 06, 2021 3:20:18 PM RLECompression Compressor
INFO: RLE Mode: DECOMPRESS
мар 06, 2021 3:20:18 PM Writer execute
INFO: Execute writer
мар 06, 2021 3:20:18 PM RLECompression execute
INFO: Execute RLE
мар 06, 2021 3:20:18 PM RLECompression Compressor
INFO: RLE Mode: COMPRESS
мар 06, 2021 3:20:18 PM RLECompression execute
INFO: Execute RLE
мар 06, 2021 3:20:18 PM RLECompression Compressor
INFO: RLE Mode: DECOMPRESS
мар 06, 2021 3:20:18 PM Writer execute
INFO: Execute writer
мар 06, 2021 3:20:18 PM RLECompression execute
INFO: Execute RLE
мар 06, 2021 3:20:18 PM RLECompression Compressor
INFO: RLE Mode: COMPRESS
мар 06, 2021 3:20:18 PM RLECompression execute
INFO: Execute RLE
мар 06, 2021 3:20:18 PM RLECompression Compressor
INFO: RLE Mode: DECOMPRESS
мар 06, 2021 3:20:18 PM Writer execute
INFO: Execute writer
мар 06, 2021 3:20:18 PM RLECompression execute
INFO: Execute RLE
мар 06, 2021 3:20:18 PM RLECompression Compressor
INFO: RLE Mode: COMPRESS
мар 06, 2021 3:20:18 PM RLECompression execute
INFO: Execute RLE
мар 06, 2021 3:20:18 PM RLECompression Compressor
INFO: RLE Mode: DECOMPRESS
мар 06, 2021 3:20:18 PM Writer execute
INFO: Execute writer
мар 06, 2021 3:20:18 PM RLECompression execute
INFO: Execute RLE
мар 06, 2021 3:20:18 PM RLECompression Compressor
INFO: RLE Mode: COMPRESS
мар 06, 2021 3:20:18 PM RLECompression execute
INFO: Execute RLE
мар 06, 2021 3:20:18 PM RLECompression Compressor
INFO: RLE Mode: DECOMPRESS
мар 06, 2021 3:20:18 PM Writer execute
INFO: Execute writer
мар 06, 2021 3:20:18 PM RLECompression execute
INFO: Execute RLE
мар 06, 2021 3:20:18 PM RLECompression Compressor
INFO: RLE Mode: COMPRESS
мар 06, 2021 3:20:18 PM RLECompression execute
INFO: Execute RLE
мар 06, 2021 3:20:18 PM RLECompression Compressor
INFO: RLE Mode: DECOMPRESS
мар 06, 2021 3:20:18 PM Writer execute
INFO: Execute writer
мар 06, 2021 3:20:18 PM RLECompression execute
INFO: Execute RLE
мар 06, 2021 3:20:18 PM RLECompression Compressor
INFO: RLE Mode: COMPRESS
мар 06, 2021 3:20:18 PM RLECompression execute
INFO: Execute RLE
мар 06, 2021 3:20:18 PM RLECompression Compressor
INFO: RLE Mode: DECOMPRESS
мар 06, 2021 3:20:18 PM Writer execute
INFO: Execute writer
мар 06, 2021 3:20:18 PM RLECompression execute
INFO: Execute RLE
мар 06, 2021 3:20:18 PM RLECompression Compressor
INFO: RLE Mode: COMPRESS
мар 06, 2021 3:20:18 PM RLECompression execute
INFO: Execute RLE
мар 06, 2021 3:20:18 PM RLECompression Compressor
INFO: RLE Mode: DECOMPRESS
мар 06, 2021 3:20:18 PM Writer execute
INFO: Execute writer
мар 06, 2021 3:20:18 PM RLECompression execute
INFO: Execute RLE
мар 06, 2021 3:20:18 PM RLECompression Compressor
INFO: RLE Mode: COMPRESS
мар 06, 2021 3:20:18 PM RLECompression execute
INFO: Execute RLE
мар 06, 2021 3:20:18 PM RLECompression Compressor
INFO: RLE Mode: DECOMPRESS
мар 06, 2021 3:20:18 PM Writer execute
INFO: Execute writer
мар 06, 2021 3:20:18 PM RLECompression execute
INFO: Execute RLE
мар 06, 2021 3:20:18 PM RLECompression Compressor
INFO: RLE Mode: COMPRESS
мар 06, 2021 3:20:18 PM RLECompression execute
INFO: Execute RLE
мар 06, 2021 3:20:18 PM RLECompression Compressor
INFO: RLE Mode: DECOMPRESS
мар 06, 2021 3:20:18 PM Writer execute
INFO: Execute writer
мар 06, 2021 3:20:18 PM RLECompression execute
INFO: Execute RLE
мар 06, 2021 3:20:18 PM RLECompression Compressor
INFO: RLE Mode: COMPRESS
мар 06, 2021 3:20:18 PM RLECompression execute
INFO: Execute RLE
мар 06, 2021 3:20:18 PM RLECompression Compressor
INFO: RLE Mode: DECOMPRESS
мар 06, 2021 3:20:18 PM Writer execute
INFO: Execute writer
мар 06, 2021 3:20:18 PM RLECompression execute
INFO: Execute RLE
мар 06, 2021 3:20:18 PM RLECompression Compressor
INFO: RLE Mode: COMPRESS
мар 06, 2021 3:20:18 PM RLECompression execute
INFO: Execute RLE
мар 06, 2021 3:20:18 PM RLECompression Compressor
INFO: RLE Mode: DECOMPRESS
мар 06, 2021 3:20:18 PM Writer execute
INFO: Execute writer
мар 06, 2021 3:20:18 PM RLECompression execute
INFO: Execute RLE
мар 06, 2021 3:20:18 PM RLECompression Compressor
INFO: RLE Mode: COMPRESS
мар 06, 2021 3:20:18 PM RLECompression execute
INFO: Execute RLE
мар 06, 2021 3:20:18 PM RLECompression Compressor
INFO: RLE Mode: DECOMPRESS
мар 06, 2021 3:20:18 PM Writer execute
INFO: Execute writer
мар 06, 2021 3:20:18 PM RLECompression execute
INFO: Execute RLE
мар 06, 2021 3:20:18 PM RLECompression Compressor
INFO: RLE Mode: COMPRESS
мар 06, 2021 3:20:18 PM RLECompression execute
INFO: Execute RLE
мар 06, 2021 3:20:18 PM RLECompression Compressor
INFO: RLE Mode: DECOMPRESS
мар 06, 2021 3:20:18 PM Writer execute
INFO: Execute writer
мар 06, 2021 3:20:18 PM RLECompression execute
INFO: Execute RLE
мар 06, 2021 3:20:18 PM RLECompression Compressor
INFO: RLE Mode: COMPRESS
мар 06, 2021 3:20:18 PM RLECompression execute
INFO: Execute RLE
мар 06, 2021 3:20:18 PM RLECompression Compressor
INFO: RLE Mode: DECOMPRESS
мар 06, 2021 3:20:18 PM Writer execute
INFO: Execute writer
мар 06, 2021 3:20:18 PM RLECompression execute
INFO: Execute RLE
мар 06, 2021 3:20:18 PM RLECompression Compressor
INFO: RLE Mode: COMPRESS
мар 06, 2021 3:20:18 PM RLECompression execute
INFO: Execute RLE
мар 06, 2021 3:20:18 PM RLECompression Compressor
INFO: RLE Mode: DECOMPRESS
мар 06, 2021 3:20:18 PM Writer execute
INFO: Execute writer
мар 06, 2021 3:20:18 PM RLECompression execute
INFO: Execute RLE
мар 06, 2021 3:20:18 PM RLECompression Compressor
INFO: RLE Mode: COMPRESS
мар 06, 2021 3:20:18 PM RLECompression execute
INFO: Execute RLE
мар 06, 2021 3:20:18 PM RLECompression Compressor
INFO: RLE Mode: DECOMPRESS
мар 06, 2021 3:20:18 PM Writer execute
INFO: Execute writer
мар 06, 2021 3:20:18 PM RLECompression execute
INFO: Execute RLE
мар 06, 2021 3:20:18 PM RLECompression Compressor
INFO: RLE Mode: COMPRESS
мар 06, 2021 3:20:18 PM RLECompression execute
INFO: Execute RLE
мар 06, 2021 3:20:18 PM RLECompression Compressor
INFO: RLE Mode: DECOMPRESS
мар 06, 2021 3:20:18 PM Writer execute
INFO: Execute writer
мар 06, 2021 3:20:18 PM RLECompression execute
INFO: Execute RLE
мар 06, 2021 3:20:18 PM RLECompression Compressor
INFO: RLE Mode: COMPRESS
мар 06, 2021 3:20:18 PM RLECompression execute
INFO: Execute RLE
мар 06, 2021 3:20:18 PM RLECompression Compressor
INFO: RLE Mode: DECOMPRESS
мар 06, 2021 3:20:18 PM Writer execute
INFO: Execute writer
мар 06, 2021 3:20:18 PM RLECompression execute
INFO: Execute RLE
мар 06, 2021 3:20:18 PM RLECompression Compressor
INFO: RLE Mode: COMPRESS
мар 06, 2021 3:20:18 PM RLECompression execute
INFO: Execute RLE
мар 06, 2021 3:20:18 PM RLECompression Compressor
INFO: RLE Mode: DECOMPRESS
мар 06, 2021 3:20:18 PM Writer execute
INFO: Execute writer
мар 06, 2021 3:20:18 PM RLECompression execute
INFO: Execute RLE
мар 06, 2021 3:20:18 PM RLECompression Compressor
INFO: RLE Mode: COMPRESS
мар 06, 2021 3:20:18 PM RLECompression execute
INFO: Execute RLE
мар 06, 2021 3:20:18 PM RLECompression Compressor
INFO: RLE Mode: DECOMPRESS
мар 06, 2021 3:20:18 PM Writer execute
INFO: Execute writer
мар 06, 2021 3:20:18 PM RLECompression execute
INFO: Execute RLE
мар 06, 2021 3:20:18 PM RLECompression Compressor
INFO: RLE Mode: COMPRESS
мар 06, 2021 3:20:18 PM RLECompression execute
INFO: Execute RLE
мар 06, 2021 3:20:18 PM RLECompression Compressor
INFO: RLE Mode: DECOMPRESS
мар 06, 2021 3:20:18 PM Writer execute
INFO: Execute writer
мар 06, 2021 3:20:18 PM RLECompression execute
INFO: Execute RLE
мар 06, 2021 3:20:18 PM RLECompression Compressor
INFO: RLE Mode: COMPRESS
мар 06, 2021 3:20:18 PM RLECompression execute
INFO: Execute RLE
мар 06, 2021 3:20:18 PM RLECompression Compressor
INFO: RLE Mode: DECOMPRESS
мар 06, 2021 3:20:18 PM Writer execute
INFO: Execute writer
мар 06, 2021 3:20:18 PM RLECompression execute
INFO: Execute RLE
мар 06, 2021 3:20:18 PM RLECompression Compressor
INFO: RLE Mode: COMPRESS
мар 06, 2021 3:20:18 PM RLECompression execute
INFO: Execute RLE
мар 06, 2021 3:20:18 PM RLECompression Compressor
INFO: RLE Mode: DECOMPRESS
мар 06, 2021 3:20:18 PM Writer execute
INFO: Execute writer
мар 06, 2021 3:20:18 PM RLECompression execute
INFO: Execute RLE
мар 06, 2021 3:20:18 PM RLECompression Compressor
INFO: RLE Mode: COMPRESS
мар 06, 2021 3:20:18 PM RLECompression execute
INFO: Execute RLE
мар 06, 2021 3:20:18 PM RLECompression Compressor
INFO: RLE Mode: DECOMPRESS
мар 06, 2021 3:20:18 PM Writer execute
INFO: Execute writer
мар 06, 2021 3:20:18 PM RLECompression execute
INFO: Execute RLE
мар 06, 2021 3:20:18 PM RLECompression Compressor
INFO: RLE Mode: COMPRESS
мар 06, 2021 3:20:18 PM RLECompression execute
INFO: Execute RLE
мар 06, 2021 3:20:18 PM RLECompression Compressor
INFO: RLE Mode: DECOMPRESS
мар 06, 2021 3:20:18 PM Writer execute
INFO: Execute writer
мар 06, 2021 3:20:18 PM RLECompression execute
INFO: Execute RLE
мар 06, 2021 3:20:18 PM RLECompression Compressor
INFO: RLE Mode: COMPRESS
мар 06, 2021 3:20:18 PM RLECompression execute
INFO: Execute RLE
мар 06, 2021 3:20:18 PM RLECompression Compressor
INFO: RLE Mode: DECOMPRESS
мар 06, 2021 3:20:18 PM Writer execute
INFO: Execute writer
мар 06, 2021 3:20:18 PM RLECompression execute
INFO: Execute RLE
мар 06, 2021 3:20:18 PM RLECompression Compressor
INFO: RLE Mode: COMPRESS
мар 06, 2021 3:20:18 PM RLECompression execute
INFO: Execute RLE
мар 06, 2021 3:20:18 PM RLECompression Compressor
INFO: RLE Mode: DECOMPRESS
мар 06, 2021 3:20:18 PM Writer execute
INFO: Execute writer
мар 06, 2021 3:20:18 PM RLECompression execute
INFO: Execute RLE
мар 06, 2021 3:20:18 PM RLECompression Compressor
INFO: RLE Mode: COMPRESS
мар 06, 2021 3:20:18 PM RLECompression execute
INFO: Execute RLE
мар 06, 2021 3:20:18 PM RLECompression Compressor
INFO: RLE Mode: DECOMPRESS
мар 06, 2021 3:20:18 PM Writer execute
INFO: Execute writer
мар 06, 2021 3:20:18 PM RLECompression execute
INFO: Execute RLE
мар 06, 2021 3:20:18 PM RLECompression Compressor
INFO: RLE Mode: COMPRESS
мар 06, 2021 3:20:18 PM RLECompression execute
INFO: Execute RLE
мар 06, 2021 3:20:18 PM RLECompression Compressor
INFO: RLE Mode: DECOMPRESS
мар 06, 2021 3:20:18 PM Writer execute
INFO: Execute writer
мар 06, 2021 3:20:18 PM RLECompression execute
INFO: Execute RLE
мар 06, 2021 3:20:18 PM RLECompression Compressor
INFO: RLE Mode: COMPRESS
мар 06, 2021 3:20:18 PM RLECompression execute
INFO: Execute RLE
мар 06, 2021 3:20:18 PM RLECompression Compressor
INFO: RLE Mode: DECOMPRESS
мар 06, 2021 3:20:18 PM Writer execute
INFO: Execute writer
мар 06, 2021 3:20:18 PM RLECompression execute
INFO: Execute RLE
мар 06, 2021 3:20:18 PM RLECompression Compressor
INFO: RLE Mode: COMPRESS
мар 06, 2021 3:20:18 PM RLECompression execute
INFO: Execute RLE
мар 06, 2021 3:20:18 PM RLECompression Compressor
INFO: RLE Mode: DECOMPRESS
мар 06, 2021 3:20:18 PM Writer execute
INFO: Execute writer
мар 06, 2021 3:20:18 PM RLECompression execute
INFO: Execute RLE
мар 06, 2021 3:20:18 PM RLECompression Compressor
INFO: RLE Mode: COMPRESS
мар 06, 2021 3:20:18 PM RLECompression execute
INFO: Execute RLE
мар 06, 2021 3:20:18 PM RLECompression Compressor
INFO: RLE Mode: DECOMPRESS
мар 06, 2021 3:20:18 PM Writer execute
INFO: Execute writer
мар 06, 2021 3:20:18 PM RLECompression execute
INFO: Execute RLE
мар 06, 2021 3:20:18 PM RLECompression Compressor
INFO: RLE Mode: COMPRESS
мар 06, 2021 3:20:18 PM RLECompression execute
INFO: Execute RLE
мар 06, 2021 3:20:18 PM RLECompression Compressor
INFO: RLE Mode: DECOMPRESS
мар 06, 2021 3:20:18 PM Writer execute
INFO: Execute writer
мар 06, 2021 3:20:18 PM RLECompression execute
INFO: Execute RLE
мар 06, 2021 3:20:18 PM RLECompression Compressor
INFO: RLE Mode: COMPRESS
мар 06, 2021 3:20:18 PM RLECompression execute
INFO: Execute RLE
мар 06, 2021 3:20:18 PM RLECompression Compressor
INFO: RLE Mode: DECOMPRESS
мар 06, 2021 3:20:18 PM Writer execute
INFO: Execute writer
мар 06, 2021 3:20:18 PM RLECompression execute
INFO: Execute RLE
мар 06, 2021 3:20:18 PM RLECompression Compressor
INFO: RLE Mode: COMPRESS
мар 06, 2021 3:20:18 PM RLECompression execute
INFO: Execute RLE
мар 06, 2021 3:20:18 PM RLECompression Compressor
INFO: RLE Mode: DECOMPRESS
мар 06, 2021 3:20:18 PM Writer execute
INFO: Execute writer
мар 06, 2021 3:20:18 PM RLECompression execute
INFO: Execute RLE
мар 06, 2021 3:20:18 PM RLECompression Compressor
INFO: RLE Mode: COMPRESS
мар 06, 2021 3:20:18 PM RLECompression execute
INFO: Execute RLE
мар 06, 2021 3:20:18 PM RLECompression Compressor
INFO: RLE Mode: DECOMPRESS
мар 06, 2021 3:20:18 PM Writer execute
INFO: Execute writer
мар 06, 2021 3:20:18 PM RLECompression execute
INFO: Execute RLE
мар 06, 2021 3:20:18 PM RLECompression Compressor
INFO: RLE Mode: COMPRESS
мар 06, 2021 3:20:18 PM RLECompression execute
INFO: Execute RLE
мар 06, 2021 3:20:18 PM RLECompression Compressor
INFO: RLE Mode: DECOMPRESS
мар 06, 2021 3:20:18 PM Writer execute
INFO: Execute writer
мар 06, 2021 3:20:18 PM RLECompression execute
INFO: Execute RLE
мар 06, 2021 3:20:18 PM RLECompression Compressor
INFO: RLE Mode: COMPRESS
мар 06, 2021 3:20:18 PM RLECompression execute
INFO: Execute RLE
мар 06, 2021 3:20:18 PM RLECompression Compressor
INFO: RLE Mode: DECOMPRESS
мар 06, 2021 3:20:18 PM Writer execute
INFO: Execute writer
мар 06, 2021 3:20:18 PM RLECompression execute
INFO: Execute RLE
мар 06, 2021 3:20:18 PM RLECompression Compressor
INFO: RLE Mode: COMPRESS
мар 06, 2021 3:20:18 PM RLECompression execute
INFO: Execute RLE
мар 06, 2021 3:20:18 PM RLECompression Compressor
INFO: RLE Mode: DECOMPRESS
мар 06, 2021 3:20:18 PM Writer execute
INFO: Execute writer
мар 06, 2021 3:20:18 PM RLECompression execute
INFO: Execute RLE
мар 06, 2021 3:20:18 PM RLECompression Compressor
INFO: RLE Mode: COMPRESS
мар 06, 2021 3:20:18 PM RLECompression execute
INFO: Execute RLE
мар 06, 2021 3:20:18 PM RLECompression Compressor
INFO: RLE Mode: DECOMPRESS
мар 06, 2021 3:20:18 PM Writer execute
INFO: Execute writer
мар 06, 2021 3:20:18 PM RLECompression execute
INFO: Execute RLE
мар 06, 2021 3:20:18 PM RLECompression Compressor
INFO: RLE Mode: COMPRESS
мар 06, 2021 3:20:18 PM RLECompression execute
INFO: Execute RLE
мар 06, 2021 3:20:18 PM RLECompression Compressor
INFO: RLE Mode: DECOMPRESS
мар 06, 2021 3:20:18 PM Writer execute
INFO: Execute writer
мар 06, 2021 3:20:18 PM RLECompression execute
INFO: Execute RLE
мар 06, 2021 3:20:18 PM RLECompression Compressor
INFO: RLE Mode: COMPRESS
мар 06, 2021 3:20:18 PM RLECompression execute
INFO: Execute RLE
мар 06, 2021 3:20:18 PM RLECompression Compressor
INFO: RLE Mode: DECOMPRESS
мар 06, 2021 3:20:18 PM Writer execute
INFO: Execute writer
мар 06, 2021 3:20:18 PM RLECompression execute
INFO: Execute RLE
мар 06, 2021 3:20:18 PM RLECompression Compressor
INFO: RLE Mode: COMPRESS
мар 06, 2021 3:20:18 PM RLECompression execute
INFO: Execute RLE
мар 06, 2021 3:20:18 PM RLECompression Compressor
INFO: RLE Mode: DECOMPRESS
мар 06, 2021 3:20:18 PM Writer execute
INFO: Execute writer
мар 06, 2021 3:20:18 PM RLECompression execute
INFO: Execute RLE
мар 06, 2021 3:20:18 PM RLECompression Compressor
INFO: RLE Mode: COMPRESS
мар 06, 2021 3:20:18 PM RLECompression execute
INFO: Execute RLE
мар 06, 2021 3:20:18 PM RLECompression Compressor
INFO: RLE Mode: DECOMPRESS
мар 06, 2021 3:20:18 PM Writer execute
INFO: Execute writer
мар 06, 2021 3:20:18 PM RLECompression execute
INFO: Execute RLE
мар 06, 2021 3:20:18 PM RLECompression Compressor
INFO: RLE Mode: COMPRESS
мар 06, 2021 3:20:18 PM RLECompression execute
INFO: Execute RLE
мар 06, 2021 3:20:18 PM RLECompression Compressor
INFO: RLE Mode: DECOMPRESS
мар 06, 2021 3:20:18 PM Writer execute
INFO: Execute writer
мар 06, 2021 3:20:18 PM RLECompression execute
INFO: Execute RLE
мар 06, 2021 3:20:18 PM RLECompression Compressor
INFO: RLE Mode: COMPRESS
мар 06, 2021 3:20:18 PM RLECompression execute
INFO: Execute RLE
мар 06, 2021 3:20:18 PM RLECompression Compressor
INFO: RLE Mode: DECOMPRESS
мар 06, 2021 3:20:18 PM Writer execute
INFO: Execute writer
мар 06, 2021 3:20:18 PM RLECompression execute
INFO: Execute RLE
мар 06, 2021 3:20:18 PM RLECompression Compressor
INFO: RLE Mode: COMPRESS
мар 06, 2021 3:20:18 PM RLECompression execute
INFO: Execute RLE
мар 06, 2021 3:20:18 PM RLECompression Compressor
INFO: RLE Mode: DECOMPRESS
мар 06, 2021 3:20:18 PM Writer execute
INFO: Execute writer
мар 06, 2021 3:20:18 PM RLECompression execute
INFO: Execute RLE
мар 06, 2021 3:20:18 PM RLECompression Compressor
INFO: RLE Mode: COMPRESS
мар 06, 2021 3:20:18 PM RLECompression execute
INFO: Execute RLE
мар 06, 2021 3:20:18 PM RLECompression Compressor
INFO: RLE Mode: DECOMPRESS
мар 06, 2021 3:20:18 PM Writer execute
INFO: Execute writer
мар 06, 2021 3:20:18 PM RLECompression execute
INFO: Execute RLE
мар 06, 2021 3:20:18 PM RLECompression Compressor
INFO: RLE Mode: COMPRESS
мар 06, 2021 3:20:18 PM RLECompression execute
INFO: Execute RLE
мар 06, 2021 3:20:18 PM RLECompression Compressor
INFO: RLE Mode: DECOMPRESS
мар 06, 2021 3:20:18 PM Writer execute
INFO: Execute writer
мар 06, 2021 3:20:18 PM RLECompression execute
INFO: Execute RLE
мар 06, 2021 3:20:18 PM RLECompression Compressor
INFO: RLE Mode: COMPRESS
мар 06, 2021 3:20:18 PM RLECompression execute
INFO: Execute RLE
мар 06, 2021 3:20:18 PM RLECompression Compressor
INFO: RLE Mode: DECOMPRESS
мар 06, 2021 3:20:18 PM Writer execute
INFO: Execute writer
мар 06, 2021 3:20:18 PM RLECompression execute
INFO: Execute RLE
мар 06, 2021 3:20:18 PM RLECompression Compressor
INFO: RLE Mode: COMPRESS
мар 06, 2021 3:20:18 PM RLECompression execute
INFO: Execute RLE
мар 06, 2021 3:20:18 PM RLECompression Compressor
INFO: RLE Mode: DECOMPRESS
мар 06, 2021 3:20:18 PM Writer execute
INFO: Execute writer
мар 06, 2021 3:20:18 PM RLECompression execute
INFO: Execute RLE
мар 06, 2021 3:20:18 PM RLECompression Compressor
INFO: RLE Mode: COMPRESS
мар 06, 2021 3:20:18 PM RLECompression execute
INFO: Execute RLE
мар 06, 2021 3:20:18 PM RLECompression Compressor
INFO: RLE Mode: DECOMPRESS
мар 06, 2021 3:20:18 PM Writer execute
INFO: Execute writer
мар 06, 2021 3:20:18 PM RLECompression execute
INFO: Execute RLE
мар 06, 2021 3:20:18 PM RLECompression Compressor
INFO: RLE Mode: COMPRESS
мар 06, 2021 3:20:18 PM RLECompression execute
INFO: Execute RLE
мар 06, 2021 3:20:18 PM RLECompression Compressor
INFO: RLE Mode: DECOMPRESS
мар 06, 2021 3:20:18 PM Writer execute
INFO: Execute writer
мар 06, 2021 3:20:18 PM RLECompression execute
INFO: Execute RLE
мар 06, 2021 3:20:18 PM RLECompression Compressor
INFO: RLE Mode: COMPRESS
мар 06, 2021 3:20:18 PM RLECompression execute
INFO: Execute RLE
мар 06, 2021 3:20:18 PM RLECompression Compressor
INFO: RLE Mode: DECOMPRESS
мар 06, 2021 3:20:18 PM Writer execute
INFO: Execute writer
мар 06, 2021 3:20:18 PM RLECompression execute
INFO: Execute RLE
мар 06, 2021 3:20:18 PM RLECompression Compressor
INFO: RLE Mode: COMPRESS
мар 06, 2021 3:20:18 PM RLECompression execute
INFO: Execute RLE
мар 06, 2021 3:20:18 PM RLECompression Compressor
INFO: RLE Mode: DECOMPRESS
мар 06, 2021 3:20:18 PM Writer execute
INFO: Execute writer
мар 06, 2021 3:20:18 PM RLECompression execute
INFO: Execute RLE
мар 06, 2021 3:20:18 PM RLECompression Compressor
INFO: RLE Mode: COMPRESS
мар 06, 2021 3:20:18 PM RLECompression execute
INFO: Execute RLE
мар 06, 2021 3:20:18 PM RLECompression Compressor
INFO: RLE Mode: DECOMPRESS
мар 06, 2021 3:20:18 PM Writer execute
INFO: Execute writer
мар 06, 2021 3:20:18 PM RLECompression execute
INFO: Execute RLE
мар 06, 2021 3:20:18 PM RLECompression Compressor
INFO: RLE Mode: COMPRESS
мар 06, 2021 3:20:18 PM RLECompression execute
INFO: Execute RLE
мар 06, 2021 3:20:18 PM RLECompression Compressor
INFO: RLE Mode: DECOMPRESS
мар 06, 2021 3:20:18 PM Writer execute
INFO: Execute writer
мар 06, 2021 3:20:18 PM RLECompression execute
INFO: Execute RLE
мар 06, 2021 3:20:18 PM RLECompression Compressor
INFO: RLE Mode: COMPRESS
мар 06, 2021 3:20:18 PM RLECompression execute
INFO: Execute RLE
мар 06, 2021 3:20:18 PM RLECompression Compressor
INFO: RLE Mode: DECOMPRESS
мар 06, 2021 3:20:18 PM Writer execute
INFO: Execute writer
мар 06, 2021 3:20:18 PM RLECompression execute
INFO: Execute RLE
мар 06, 2021 3:20:18 PM RLECompression Compressor
INFO: RLE Mode: COMPRESS
мар 06, 2021 3:20:18 PM RLECompression execute
INFO: Execute RLE
мар 06, 2021 3:20:18 PM RLECompression Compressor
INFO: RLE Mode: DECOMPRESS
мар 06, 2021 3:20:18 PM Writer execute
INFO: Execute writer
мар 06, 2021 3:20:18 PM RLECompression execute
INFO: Execute RLE
мар 06, 2021 3:20:18 PM RLECompression Compressor
INFO: RLE Mode: COMPRESS
мар 06, 2021 3:20:18 PM RLECompression execute
INFO: Execute RLE
мар 06, 2021 3:20:18 PM RLECompression Compressor
INFO: RLE Mode: DECOMPRESS
мар 06, 2021 3:20:18 PM Writer execute
INFO: Execute writer
мар 06, 2021 3:20:18 PM RLECompression execute
INFO: Execute RLE
мар 06, 2021 3:20:18 PM RLECompression Compressor
INFO: RLE Mode: COMPRESS
мар 06, 2021 3:20:18 PM RLECompression execute
INFO: Execute RLE
мар 06, 2021 3:20:18 PM RLECompression Compressor
INFO: RLE Mode: DECOMPRESS
мар 06, 2021 3:20:18 PM Writer execute
INFO: Execute writer
мар 06, 2021 3:20:18 PM RLECompression execute
INFO: Execute RLE
мар 06, 2021 3:20:18 PM RLECompression Compressor
INFO: RLE Mode: COMPRESS
мар 06, 2021 3:20:18 PM RLECompression execute
INFO: Execute RLE
мар 06, 2021 3:20:18 PM RLECompression Compressor
INFO: RLE Mode: DECOMPRESS
мар 06, 2021 3:20:18 PM Writer execute
INFO: Execute writer
мар 06, 2021 3:20:18 PM RLECompression execute
INFO: Execute RLE
мар 06, 2021 3:20:18 PM RLECompression Compressor
INFO: RLE Mode: COMPRESS
мар 06, 2021 3:20:18 PM RLECompression execute
INFO: Execute RLE
мар 06, 2021 3:20:18 PM RLECompression Compressor
INFO: RLE Mode: DECOMPRESS
мар 06, 2021 3:20:18 PM Writer execute
INFO: Execute writer
мар 06, 2021 3:20:18 PM RLECompression execute
INFO: Execute RLE
мар 06, 2021 3:20:18 PM RLECompression Compressor
INFO: RLE Mode: COMPRESS
мар 06, 2021 3:20:18 PM RLECompression execute
INFO: Execute RLE
мар 06, 2021 3:20:18 PM RLECompression Compressor
INFO: RLE Mode: DECOMPRESS
мар 06, 2021 3:20:18 PM Writer execute
INFO: Execute writer
мар 06, 2021 3:20:18 PM RLECompression execute
INFO: Execute RLE
мар 06, 2021 3:20:18 PM RLECompression Compressor
INFO: RLE Mode: COMPRESS
мар 06, 2021 3:20:18 PM RLECompression execute
INFO: Execute RLE
мар 06, 2021 3:20:18 PM RLECompression Compressor
INFO: RLE Mode: DECOMPRESS
мар 06, 2021 3:20:18 PM Writer execute
INFO: Execute writer
мар 06, 2021 3:20:18 PM RLECompression execute
INFO: Execute RLE
мар 06, 2021 3:20:18 PM RLECompression Compressor
INFO: RLE Mode: COMPRESS
мар 06, 2021 3:20:18 PM RLECompression execute
INFO: Execute RLE
мар 06, 2021 3:20:18 PM RLECompression Compressor
INFO: RLE Mode: DECOMPRESS
мар 06, 2021 3:20:18 PM Writer execute
INFO: Execute writer
мар 06, 2021 3:20:18 PM RLECompression execute
INFO: Execute RLE
мар 06, 2021 3:20:18 PM RLECompression Compressor
INFO: RLE Mode: COMPRESS
мар 06, 2021 3:20:18 PM RLECompression execute
INFO: Execute RLE
мар 06, 2021 3:20:18 PM RLECompression Compressor
INFO: RLE Mode: DECOMPRESS
мар 06, 2021 3:20:18 PM Writer execute
INFO: Execute writer
мар 06, 2021 3:20:18 PM RLECompression execute
INFO: Execute RLE
мар 06, 2021 3:20:18 PM RLECompression Compressor
INFO: RLE Mode: COMPRESS
мар 06, 2021 3:20:18 PM RLECompression execute
INFO: Execute RLE
мар 06, 2021 3:20:18 PM RLECompression Compressor
INFO: RLE Mode: DECOMPRESS
мар 06, 2021 3:20:18 PM Writer execute
INFO: Execute writer
мар 06, 2021 3:20:18 PM RLECompression execute
INFO: Execute RLE
мар 06, 2021 3:20:18 PM RLECompression Compressor
INFO: RLE Mode: COMPRESS
мар 06, 2021 3:20:18 PM RLECompression execute
INFO: Execute RLE
мар 06, 2021 3:20:18 PM RLECompression Compressor
INFO: RLE Mode: DECOMPRESS
мар 06, 2021 3:20:18 PM Writer execute
INFO: Execute writer
мар 06, 2021 3:20:18 PM RLECompression execute
INFO: Execute RLE
мар 06, 2021 3:20:18 PM RLECompression Compressor
INFO: RLE Mode: COMPRESS
мар 06, 2021 3:20:18 PM RLECompression execute
INFO: Execute RLE
мар 06, 2021 3:20:18 PM RLECompression Compressor
INFO: RLE Mode: DECOMPRESS
мар 06, 2021 3:20:18 PM Writer execute
INFO: Execute writer
мар 06, 2021 3:20:18 PM RLECompression execute
INFO: Execute RLE
мар 06, 2021 3:20:18 PM RLECompression Compressor
INFO: RLE Mode: COMPRESS
мар 06, 2021 3:20:18 PM RLECompression execute
INFO: Execute RLE
мар 06, 2021 3:20:18 PM RLECompression Compressor
INFO: RLE Mode: DECOMPRESS
мар 06, 2021 3:20:18 PM Writer execute
INFO: Execute writer
мар 06, 2021 3:20:18 PM RLECompression execute
INFO: Execute RLE
мар 06, 2021 3:20:18 PM RLECompression Compressor
INFO: RLE Mode: COMPRESS
мар 06, 2021 3:20:18 PM RLECompression execute
INFO: Execute RLE
мар 06, 2021 3:20:18 PM RLECompression Compressor
INFO: RLE Mode: DECOMPRESS
мар 06, 2021 3:20:18 PM Writer execute
INFO: Execute writer
мар 06, 2021 3:20:18 PM RLECompression execute
INFO: Execute RLE
мар 06, 2021 3:20:18 PM RLECompression Compressor
INFO: RLE Mode: COMPRESS
мар 06, 2021 3:20:18 PM RLECompression execute
INFO: Execute RLE
мар 06, 2021 3:20:18 PM RLECompression Compressor
INFO: RLE Mode: DECOMPRESS
мар 06, 2021 3:20:18 PM Writer execute
INFO: Execute writer
мар 06, 2021 3:20:18 PM RLECompression execute
INFO: Execute RLE
мар 06, 2021 3:20:18 PM RLECompression Compressor
INFO: RLE Mode: COMPRESS
мар 06, 2021 3:20:18 PM RLECompression execute
INFO: Execute RLE
мар 06, 2021 3:20:18 PM RLECompression Compressor
INFO: RLE Mode: DECOMPRESS
мар 06, 2021 3:20:18 PM Writer execute
INFO: Execute writer
мар 06, 2021 3:20:18 PM RLECompression execute
INFO: Execute RLE
мар 06, 2021 3:20:18 PM RLECompression Compressor
INFO: RLE Mode: COMPRESS
мар 06, 2021 3:20:18 PM RLECompression execute
INFO: Execute RLE
мар 06, 2021 3:20:18 PM RLECompression Compressor
INFO: RLE Mode: DECOMPRESS
мар 06, 2021 3:20:18 PM Writer execute
INFO: Execute writer
мар 06, 2021 3:20:18 PM RLECompression execute
INFO: Execute RLE
мар 06, 2021 3:20:18 PM RLECompression Compressor
INFO: RLE Mode: COMPRESS
мар 06, 2021 3:20:18 PM RLECompression execute
INFO: Execute RLE
мар 06, 2021 3:20:18 PM RLECompression Compressor
INFO: RLE Mode: DECOMPRESS
мар 06, 2021 3:20:18 PM Writer execute
INFO: Execute writer
мар 06, 2021 3:20:18 PM RLECompression execute
INFO: Execute RLE
мар 06, 2021 3:20:18 PM RLECompression Compressor
INFO: RLE Mode: COMPRESS
мар 06, 2021 3:20:18 PM RLECompression execute
INFO: Execute RLE
мар 06, 2021 3:20:18 PM RLECompression Compressor
INFO: RLE Mode: DECOMPRESS
мар 06, 2021 3:20:18 PM Writer execute
INFO: Execute writer
мар 06, 2021 3:20:18 PM RLECompression execute
INFO: Execute RLE
мар 06, 2021 3:20:18 PM RLECompression Compressor
INFO: RLE Mode: COMPRESS
мар 06, 2021 3:20:18 PM RLECompression execute
INFO: Execute RLE
мар 06, 2021 3:20:18 PM RLECompression Compressor
INFO: RLE Mode: DECOMPRESS
мар 06, 2021 3:20:18 PM Writer execute
INFO: Execute writer
мар 06, 2021 3:20:18 PM RLECompression execute
INFO: Execute RLE
мар 06, 2021 3:20:18 PM RLECompression Compressor
INFO: RLE Mode: COMPRESS
мар 06, 2021 3:20:18 PM RLECompression execute
INFO: Execute RLE
мар 06, 2021 3:20:18 PM RLECompression Compressor
INFO: RLE Mode: DECOMPRESS
мар 06, 2021 3:20:18 PM Writer execute
INFO: Execute writer
мар 06, 2021 3:20:18 PM RLECompression execute
INFO: Execute RLE
мар 06, 2021 3:20:18 PM RLECompression Compressor
INFO: RLE Mode: COMPRESS
мар 06, 2021 3:20:18 PM RLECompression execute
INFO: Execute RLE
мар 06, 2021 3:20:18 PM RLECompression Compressor
INFO: RLE Mode: DECOMPRESS
мар 06, 2021 3:20:18 PM Writer execute
INFO: Execute writer
мар 06, 2021 3:20:18 PM RLECompression execute
INFO: Execute RLE
мар 06, 2021 3:20:18 PM RLECompression Compressor
INFO: RLE Mode: COMPRESS
мар 06, 2021 3:20:18 PM RLECompression execute
INFO: Execute RLE
мар 06, 2021 3:20:18 PM RLECompression Compressor
INFO: RLE Mode: DECOMPRESS
мар 06, 2021 3:20:18 PM Writer execute
INFO: Execute writer
мар 06, 2021 3:20:18 PM RLECompression execute
INFO: Execute RLE
мар 06, 2021 3:20:18 PM RLECompression execute
INFO: Execute RLE
мар 06, 2021 3:20:18 PM Writer execute
INFO: Execute writer
мар 06, 2021 3:20:18 PM Manager closeStreams
INFO: Closing streams...
мар 06, 2021 3:20:18 PM Manager Run
INFO: Pipeline running successfully finished
